<?xml version="1.0" encoding="UTF-8"?>
<testng-results ignored="0" total="1" passed="1" failed="0" skipped="0">
  <reporter-output>
  </reporter-output>
  <suite started-at="2023-12-15T06:43:27 IST" name="Suite" finished-at="2023-12-15T06:43:38 IST" duration-ms="10564">
    <groups>
      <group name="Master">
        <method signature="TC_001_AccountRegistrationtTest.test_account_Registration()[pri:0, instance:testCases.TC_001_AccountRegistrationtTest@543295b0]" name="test_account_Registration" class="testCases.TC_001_AccountRegistrationtTest"/>
      </group> <!-- Master -->
      <group name="Regression">
        <method signature="TC_001_AccountRegistrationtTest.test_account_Registration()[pri:0, instance:testCases.TC_001_AccountRegistrationtTest@543295b0]" name="test_account_Registration" class="testCases.TC_001_AccountRegistrationtTest"/>
      </group> <!-- Regression -->
    </groups>
    <test started-at="2023-12-15T06:43:27 IST" name="Test" finished-at="2023-12-15T06:43:38 IST" duration-ms="10564">
      <class name="testCases.TC_001_AccountRegistrationtTest">
        <test-method is-config="true" signature="setup(java.lang.String)[pri:0, instance:testCases.TC_001_AccountRegistrationtTest@543295b0]" started-at="2023-12-15T06:43:28 IST" name="setup" finished-at="2023-12-15T06:43:32 IST" duration-ms="4560" status="PASS">
          <params>
            <param index="0">
              <value>
                <![CDATA[chrome]]>
              </value>
            </param>
          </params>
          <reporter-output>
          </reporter-output>
        </test-method> <!-- setup -->
        <test-method signature="test_account_Registration()[pri:0, instance:testCases.TC_001_AccountRegistrationtTest@543295b0]" started-at="2023-12-15T06:43:32 IST" name="test_account_Registration" finished-at="2023-12-15T06:43:38 IST" duration-ms="5408" status="PASS">
          <reporter-output>
          </reporter-output>
        </test-method> <!-- test_account_Registration -->
        <test-method is-config="true" signature="teadDown()[pri:0, instance:testCases.TC_001_AccountRegistrationtTest@543295b0]" started-at="2023-12-15T06:43:38 IST" name="teadDown" finished-at="2023-12-15T06:43:38 IST" duration-ms="334" status="PASS">
          <reporter-output>
          </reporter-output>
        </test-method> <!-- teadDown -->
      </class> <!-- testCases.TC_001_AccountRegistrationtTest -->
    </test> <!-- Test -->
  </suite> <!-- Suite -->
</testng-results>
